<?xml version="1.0" encoding="UTF-8"?>
<!-- Generated by org.testng.reporters.JUnitReportReporter -->
<testsuite hostname="UA1286" name="LinkedinMainLoginTests" tests="1" failures="0" timestamp="20 Oct 2020 17:05:28 GMT" time="11.549" errors="0">
  <testcase name="checkSuccessfulLoginToLinkedin" time="11.549" classname="LinkedinMainLoginTests"/>
</testsuite> <!-- LinkedinMainLoginTests -->
